ARBusinessCard/Library/Bee/Android/Prj/Mono2x/Gradle/launcher/build/intermediates/manifest_merge_blame_file/release/manifest-merger-blame-release-report.txt
1<?xml version="1.0" encoding="utf-8"?>
2<manifest xmlns:android="http://schemas.android.com/apk/res/android"
3    package="com.DefaultCompany.ARBusinessCard"
4    android:installLocation="preferExternal"
5    android:versionCode="1"
6    android:versionName="0.1" >
7
8    <uses-sdk
9        android:minSdkVersion="23"
9-->src\main\AndroidManifest.xml
10        android:targetSdkVersion="30" />
10-->src\main\AndroidManifest.xml
11
12    <supports-screens
12-->src\main\AndroidManifest.xml:3:3-163
13        android:anyDensity="true"
13-->src\main\AndroidManifest.xml:3:135-160
14        android:largeScreens="true"
14-->src\main\AndroidManifest.xml:3:78-105
15        android:normalScreens="true"
15-->src\main\AndroidManifest.xml:3:49-77
16        android:smallScreens="true"
16-->src\main\AndroidManifest.xml:3:21-48
17        android:xlargeScreens="true" />
17-->src\main\AndroidManifest.xml:3:106-134
18
19    <uses-feature android:glEsVersion="0x00030000" />
19-->[:unityLibrary] AndroidManifest.xml:12:5-54
19-->[:unityLibrary] AndroidManifest.xml:12:19-51
20    <uses-feature
20-->[:unityLibrary] AndroidManifest.xml:13:5-15:36
21        android:name="android.hardware.vulkan.version"
21-->[:unityLibrary] AndroidManifest.xml:14:9-55
22        android:required="false" />
22-->[:unityLibrary] AndroidManifest.xml:15:9-33
23
24    <uses-permission android:name="android.permission.INTERNET" />
24-->[:unityLibrary] AndroidManifest.xml:17:5-67
24-->[:unityLibrary] AndroidManifest.xml:17:22-64
25    <uses-permission android:name="android.permission.ACCESS_NETWORK_STATE" />
25-->[:unityLibrary] AndroidManifest.xml:18:5-79
25-->[:unityLibrary] AndroidManifest.xml:18:22-76
26    <uses-permission android:name="android.permission.CAMERA" />
26-->[:unityLibrary] AndroidManifest.xml:19:5-65
26-->[:unityLibrary] AndroidManifest.xml:19:22-62
27
28    <uses-feature
28-->[:unityLibrary] AndroidManifest.xml:21:5-23:36
29        android:name="android.hardware.camera"
29-->[:unityLibrary] AndroidManifest.xml:22:9-47
30        android:required="true" />
30-->[:unityLibrary] AndroidManifest.xml:23:9-33
31    <uses-feature
31-->[:unityLibrary] AndroidManifest.xml:24:5-26:36
32        android:name="android.hardware.camera.autofocus"
32-->[:unityLibrary] AndroidManifest.xml:25:9-57
33        android:required="false" />
33-->[:unityLibrary] AndroidManifest.xml:26:9-33
34    <uses-feature
34-->[:unityLibrary] AndroidManifest.xml:27:5-29:36
35        android:name="android.hardware.camera.front"
35-->[:unityLibrary] AndroidManifest.xml:28:9-53
36        android:required="false" />
36-->[:unityLibrary] AndroidManifest.xml:29:9-33
37    <uses-feature
37-->[:unityLibrary] AndroidManifest.xml:30:5-32:36
38        android:name="android.hardware.touchscreen"
38-->[:unityLibrary] AndroidManifest.xml:31:9-52
39        android:required="false" />
39-->[:unityLibrary] AndroidManifest.xml:32:9-33
40    <uses-feature
40-->[:unityLibrary] AndroidManifest.xml:33:5-35:36
41        android:name="android.hardware.touchscreen.multitouch"
41-->[:unityLibrary] AndroidManifest.xml:34:9-63
42        android:required="false" />
42-->[:unityLibrary] AndroidManifest.xml:35:9-33
43    <uses-feature
43-->[:unityLibrary] AndroidManifest.xml:36:5-38:36
44        android:name="android.hardware.touchscreen.multitouch.distinct"
44-->[:unityLibrary] AndroidManifest.xml:37:9-72
45        android:required="false" />
45-->[:unityLibrary] AndroidManifest.xml:38:9-33
46
47    <queries>
47-->[com.google.ar:core:1.22.0] AndroidManifest.xml:29:5-31:15
48        <package android:name="com.google.ar.core" />
48-->[com.google.ar:core:1.22.0] AndroidManifest.xml:30:9-54
48-->[com.google.ar:core:1.22.0] AndroidManifest.xml:30:18-51
49    </queries>
50    <!--
51        Required by Vuforia: Add this permission to access IMU sensors at high rate
52        for device tracker functionality on Android 12+.
53    -->
54    <uses-permission android:name="android.permission.HIGH_SAMPLING_RATE_SENSORS" />
54-->[:VuforiaEngine:] AndroidManifest.xml:16:5-85
54-->[:VuforiaEngine:] AndroidManifest.xml:16:22-82
55
56    <application
56-->src\main\AndroidManifest.xml:4:3-83
57        android:extractNativeLibs="true"
57-->[:unityLibrary] AndroidManifest.xml:40:18-50
58        android:icon="@mipmap/app_icon"
58-->src\main\AndroidManifest.xml:4:49-80
59        android:label="@string/app_name" >
59-->src\main\AndroidManifest.xml:4:16-48
60        <activity
60-->[:unityLibrary] AndroidManifest.xml:41:9-61:20
61            android:name="com.unity3d.player.UnityPlayerActivity"
61-->[:unityLibrary] AndroidManifest.xml:42:13-66
62            android:configChanges="mcc|mnc|locale|touchscreen|keyboard|keyboardHidden|navigation|orientation|screenLayout|uiMode|screenSize|smallestScreenSize|fontScale|layoutDirection|density"
62-->[:unityLibrary] AndroidManifest.xml:43:13-194
63            android:hardwareAccelerated="false"
63-->[:unityLibrary] AndroidManifest.xml:44:13-48
64            android:launchMode="singleTask"
64-->[:unityLibrary] AndroidManifest.xml:45:13-44
65            android:resizeableActivity="false"
65-->[:unityLibrary] AndroidManifest.xml:46:13-47
66            android:screenOrientation="fullUser"
66-->[:unityLibrary] AndroidManifest.xml:47:13-49
67            android:theme="@style/UnityThemeSelector" >
67-->[:unityLibrary] AndroidManifest.xml:48:13-54
68            <intent-filter>
68-->[:unityLibrary] AndroidManifest.xml:49:13-53:29
69                <action android:name="android.intent.action.MAIN" />
69-->[:unityLibrary] AndroidManifest.xml:50:17-69
69-->[:unityLibrary] AndroidManifest.xml:50:25-66
70
71                <category android:name="android.intent.category.LAUNCHER" />
71-->[:unityLibrary] AndroidManifest.xml:52:17-77
71-->[:unityLibrary] AndroidManifest.xml:52:27-74
72            </intent-filter>
73
74            <meta-data
74-->[:unityLibrary] AndroidManifest.xml:55:13-57:40
75                android:name="unityplayer.UnityActivity"
75-->[:unityLibrary] AndroidManifest.xml:56:17-57
76                android:value="true" />
76-->[:unityLibrary] AndroidManifest.xml:57:17-37
77            <meta-data
77-->[:unityLibrary] AndroidManifest.xml:58:13-60:40
78                android:name="android.notch_support"
78-->[:unityLibrary] AndroidManifest.xml:59:17-53
79                android:value="true" />
79-->[:unityLibrary] AndroidManifest.xml:60:17-37
80        </activity>
81
82        <meta-data
82-->[:unityLibrary] AndroidManifest.xml:63:9-65:33
83            android:name="unity.splash-mode"
83-->[:unityLibrary] AndroidManifest.xml:64:13-45
84            android:value="0" />
84-->[:unityLibrary] AndroidManifest.xml:65:13-30
85        <meta-data
85-->[:unityLibrary] AndroidManifest.xml:66:9-68:36
86            android:name="unity.splash-enable"
86-->[:unityLibrary] AndroidManifest.xml:67:13-47
87            android:value="True" />
87-->[:unityLibrary] AndroidManifest.xml:68:13-33
88        <meta-data
88-->[:unityLibrary] AndroidManifest.xml:69:9-71:36
89            android:name="unity.launch-fullscreen"
89-->[:unityLibrary] AndroidManifest.xml:70:13-51
90            android:value="True" />
90-->[:unityLibrary] AndroidManifest.xml:71:13-33
91        <meta-data
91-->[:unityLibrary] AndroidManifest.xml:72:9-74:37
92            android:name="unity.allow-resizable-window"
92-->[:unityLibrary] AndroidManifest.xml:73:13-56
93            android:value="False" />
93-->[:unityLibrary] AndroidManifest.xml:74:13-34
94        <meta-data
94-->[:unityLibrary] AndroidManifest.xml:75:9-77:50
95            android:name="notch.config"
95-->[:unityLibrary] AndroidManifest.xml:76:13-40
96            android:value="portrait|landscape" />
96-->[:unityLibrary] AndroidManifest.xml:77:13-47
97        <meta-data
97-->[:unityLibrary] AndroidManifest.xml:78:9-80:40
98            android:name="com.google.ar.core"
98-->[:unityLibrary] AndroidManifest.xml:79:13-46
99            android:value="optional" /> <!-- The minimal version code of ARCore APK required for an app using this SDK. -->
99-->[:unityLibrary] AndroidManifest.xml:80:13-37
100        <meta-data
100-->[com.google.ar:core:1.22.0] AndroidManifest.xml:36:9-38:41
101            android:name="com.google.ar.core.min_apk_version"
101-->[com.google.ar:core:1.22.0] AndroidManifest.xml:37:13-62
102            android:value="202940000" /> <!-- This activity is critical for installing ARCore when it is not already present. -->
102-->[com.google.ar:core:1.22.0] AndroidManifest.xml:38:13-38
103        <activity
103-->[com.google.ar:core:1.22.0] AndroidManifest.xml:40:9-46:80
104            android:name="com.google.ar.core.InstallActivity"
104-->[com.google.ar:core:1.22.0] AndroidManifest.xml:41:13-62
105            android:configChanges="keyboardHidden|orientation|screenSize"
105-->[com.google.ar:core:1.22.0] AndroidManifest.xml:42:13-74
106            android:excludeFromRecents="true"
106-->[com.google.ar:core:1.22.0] AndroidManifest.xml:43:13-46
107            android:exported="false"
107-->[com.google.ar:core:1.22.0] AndroidManifest.xml:44:13-37
108            android:launchMode="singleTop"
108-->[com.google.ar:core:1.22.0] AndroidManifest.xml:45:13-43
109            android:theme="@android:style/Theme.Material.Light.Dialog.Alert" />
109-->[com.google.ar:core:1.22.0] AndroidManifest.xml:46:13-77
110
111        <provider
111-->[:VuforiaEngine:] AndroidManifest.xml:25:9-33:20
112            android:name="com.vuforia.engine.app.VuforiaContentProvider"
112-->[:VuforiaEngine:] AndroidManifest.xml:26:13-73
113            android:authorities="com.DefaultCompany.ARBusinessCard.vuforia.share"
113-->[:VuforiaEngine:] AndroidManifest.xml:27:13-65
114            android:exported="false"
114-->[:VuforiaEngine:] AndroidManifest.xml:28:13-37
115            android:grantUriPermissions="true" >
115-->[:VuforiaEngine:] AndroidManifest.xml:29:13-47
116            <meta-data
116-->[:VuforiaEngine:] AndroidManifest.xml:30:13-32:53
117                android:name="android.support.FILE_PROVIDER_PATHS"
117-->[:VuforiaEngine:] AndroidManifest.xml:31:17-67
118                android:resource="@xml/filepaths" />
118-->[:VuforiaEngine:] AndroidManifest.xml:32:17-50
119        </provider>
120    </application>
121
122</manifest>